..\..\bin\sciter.ilk
..\..\bin\sciter.pdb
C:\HSMILE5\SDK\BIN\SCITER.EXE
C:\HSMILE5\SDK\BIN\SCITER.ILK
C:\HSMILE5\SDK\BIN\SCITER.PDB
C:\hsmile5\sdk\demos\sciter\..\..\bin\sciter.exe
C:\hsmile5\sdk\demos\sciter\Debug\cl.command.1.tlog
C:\hsmile5\sdk\demos\sciter\Debug\CL.read.1.tlog
C:\hsmile5\sdk\demos\sciter\Debug\CL.write.1.tlog
C:\hsmile5\sdk\demos\sciter\Debug\link.1152.read.1.tlog
C:\hsmile5\sdk\demos\sciter\Debug\link.1152.write.1.tlog
C:\hsmile5\sdk\demos\sciter\Debug\link.1152-cvtres.read.1.tlog
C:\hsmile5\sdk\demos\sciter\Debug\link.1152-cvtres.write.1.tlog
C:\hsmile5\sdk\demos\sciter\Debug\link.1544.read.1.tlog
C:\hsmile5\sdk\demos\sciter\Debug\link.1544.write.1.tlog
C:\hsmile5\sdk\demos\sciter\Debug\link.1544-cvtres.read.1.tlog
C:\hsmile5\sdk\demos\sciter\Debug\link.1544-cvtres.write.1.tlog
C:\hsmile5\sdk\demos\sciter\Debug\link.2540.read.1.tlog
C:\hsmile5\sdk\demos\sciter\Debug\link.2540.write.1.tlog
C:\hsmile5\sdk\demos\sciter\Debug\link.2540-cvtres.read.1.tlog
C:\hsmile5\sdk\demos\sciter\Debug\link.2540-cvtres.write.1.tlog
C:\hsmile5\sdk\demos\sciter\Debug\link.6208.read.1.tlog
C:\hsmile5\sdk\demos\sciter\Debug\link.6208.write.1.tlog
C:\hsmile5\sdk\demos\sciter\Debug\link.6208-cvtres.read.1.tlog
C:\hsmile5\sdk\demos\sciter\Debug\link.6208-cvtres.write.1.tlog
C:\hsmile5\sdk\demos\sciter\Debug\link.6244.read.1.tlog
C:\hsmile5\sdk\demos\sciter\Debug\link.6244.write.1.tlog
C:\hsmile5\sdk\demos\sciter\Debug\link.6244-cvtres.read.1.tlog
C:\hsmile5\sdk\demos\sciter\Debug\link.6244-cvtres.write.1.tlog
C:\hsmile5\sdk\demos\sciter\Debug\link.6248.read.1.tlog
C:\hsmile5\sdk\demos\sciter\Debug\link.6248.write.1.tlog
C:\hsmile5\sdk\demos\sciter\Debug\link.6248-cvtres.read.1.tlog
C:\hsmile5\sdk\demos\sciter\Debug\link.6248-cvtres.write.1.tlog
C:\hsmile5\sdk\demos\sciter\Debug\link.6312.read.1.tlog
C:\hsmile5\sdk\demos\sciter\Debug\link.6312.write.1.tlog
C:\hsmile5\sdk\demos\sciter\Debug\link.6312-cvtres.read.1.tlog
C:\hsmile5\sdk\demos\sciter\Debug\link.6312-cvtres.write.1.tlog
C:\hsmile5\sdk\demos\sciter\Debug\link.6676.read.1.tlog
C:\hsmile5\sdk\demos\sciter\Debug\link.6676.write.1.tlog
C:\hsmile5\sdk\demos\sciter\Debug\link.6676-cvtres.read.1.tlog
C:\hsmile5\sdk\demos\sciter\Debug\link.6676-cvtres.write.1.tlog
C:\hsmile5\sdk\demos\sciter\Debug\link.6928.read.1.tlog
C:\hsmile5\sdk\demos\sciter\Debug\link.6928.write.1.tlog
C:\hsmile5\sdk\demos\sciter\Debug\link.6928-cvtres.read.1.tlog
C:\hsmile5\sdk\demos\sciter\Debug\link.6928-cvtres.write.1.tlog
C:\hsmile5\sdk\demos\sciter\Debug\link.7024.read.1.tlog
C:\hsmile5\sdk\demos\sciter\Debug\link.7024.write.1.tlog
C:\hsmile5\sdk\demos\sciter\Debug\link.7024-cvtres.read.1.tlog
C:\hsmile5\sdk\demos\sciter\Debug\link.7024-cvtres.write.1.tlog
C:\hsmile5\sdk\demos\sciter\Debug\link.7056.read.1.tlog
C:\hsmile5\sdk\demos\sciter\Debug\link.7056.write.1.tlog
C:\hsmile5\sdk\demos\sciter\Debug\link.7056-cvtres.read.1.tlog
C:\hsmile5\sdk\demos\sciter\Debug\link.7056-cvtres.write.1.tlog
C:\hsmile5\sdk\demos\sciter\Debug\link.8292.read.1.tlog
C:\hsmile5\sdk\demos\sciter\Debug\link.8292.write.1.tlog
C:\hsmile5\sdk\demos\sciter\Debug\link.8292-cvtres.read.1.tlog
C:\hsmile5\sdk\demos\sciter\Debug\link.8292-cvtres.write.1.tlog
C:\hsmile5\sdk\demos\sciter\Debug\link.880.read.1.tlog
C:\hsmile5\sdk\demos\sciter\Debug\link.880.write.1.tlog
C:\hsmile5\sdk\demos\sciter\Debug\link.8808.read.1.tlog
C:\hsmile5\sdk\demos\sciter\Debug\link.8808.write.1.tlog
C:\hsmile5\sdk\demos\sciter\Debug\link.8808-cvtres.read.1.tlog
C:\hsmile5\sdk\demos\sciter\Debug\link.8808-cvtres.write.1.tlog
C:\hsmile5\sdk\demos\sciter\Debug\link.880-cvtres.read.1.tlog
C:\hsmile5\sdk\demos\sciter\Debug\link.880-cvtres.write.1.tlog
C:\hsmile5\sdk\demos\sciter\Debug\link.9152.read.1.tlog
C:\hsmile5\sdk\demos\sciter\Debug\link.9152.write.1.tlog
C:\hsmile5\sdk\demos\sciter\Debug\link.9152-cvtres.read.1.tlog
C:\hsmile5\sdk\demos\sciter\Debug\link.9152-cvtres.write.1.tlog
C:\hsmile5\sdk\demos\sciter\Debug\link.command.1.tlog
C:\hsmile5\sdk\demos\sciter\Debug\link.read.1.tlog
C:\hsmile5\sdk\demos\sciter\Debug\link.write.1.tlog
C:\hsmile5\sdk\demos\sciter\Debug\link-cvtres.read.1.tlog
C:\hsmile5\sdk\demos\sciter\Debug\link-cvtres.write.1.tlog
C:\HSMILE5\SDK\DEMOS\SCITER\DEBUG\MAIN.OBJ
C:\hsmile5\sdk\demos\sciter\Debug\mt.command.1.tlog
C:\hsmile5\sdk\demos\sciter\Debug\mt.read.1.tlog
C:\hsmile5\sdk\demos\sciter\Debug\mt.write.1.tlog
C:\hsmile5\sdk\demos\sciter\Debug\rc.command.1.tlog
C:\hsmile5\sdk\demos\sciter\Debug\rc.read.1.tlog
C:\hsmile5\sdk\demos\sciter\Debug\rc.write.1.tlog
C:\HSMILE5\SDK\DEMOS\SCITER\DEBUG\SCITER.EXE.EMBED.MANIFEST
C:\HSMILE5\SDK\DEMOS\SCITER\DEBUG\SCITER.EXE.EMBED.MANIFEST.RES
C:\HSMILE5\SDK\DEMOS\SCITER\DEBUG\SCITER.EXE.INTERMEDIATE.MANIFEST
C:\HSMILE5\SDK\DEMOS\SCITER\DEBUG\SCITER.OBJ
C:\HSMILE5\SDK\DEMOS\SCITER\DEBUG\SCITER.PCH
C:\HSMILE5\SDK\DEMOS\SCITER\DEBUG\SCITER.RES
C:\hsmile5\sdk\demos\sciter\Debug\sciter.write.1.tlog
C:\hsmile5\sdk\demos\sciter\Debug\sciter_manifest.rc
C:\HSMILE5\SDK\DEMOS\SCITER\DEBUG\STDAFX.OBJ
C:\hsmile5\sdk\demos\sciter\Debug\vc100.idb
C:\HSMILE5\SDK\DEMOS\SCITER\DEBUG\VC100.PDB
