C:\HSMILE5\SDK\BIN\LAYERED.EXE
C:\HSMILE5\SDK\BIN\LAYERED.ILK
C:\HSMILE5\SDK\BIN\LAYERED.PDB
C:\hsmile5\sdk\demos\layered\Debug\cl.command.1.tlog
C:\hsmile5\sdk\demos\layered\Debug\CL.read.1.tlog
C:\hsmile5\sdk\demos\layered\Debug\CL.write.1.tlog
C:\HSMILE5\SDK\DEMOS\LAYERED\DEBUG\LAYERED.EXE.EMBED.MANIFEST
C:\HSMILE5\SDK\DEMOS\LAYERED\DEBUG\LAYERED.EXE.EMBED.MANIFEST.RES
C:\HSMILE5\SDK\DEMOS\LAYERED\DEBUG\LAYERED.EXE.INTERMEDIATE.MANIFEST
C:\HSMILE5\SDK\DEMOS\LAYERED\DEBUG\LAYERED.OBJ
C:\HSMILE5\SDK\DEMOS\LAYERED\DEBUG\LAYERED.PCH
C:\HSMILE5\SDK\DEMOS\LAYERED\DEBUG\LAYERED.RES
C:\hsmile5\sdk\demos\layered\Debug\layered.write.1.tlog
C:\hsmile5\sdk\demos\layered\Debug\layered_manifest.rc
C:\hsmile5\sdk\demos\layered\Debug\link.2056.read.1.tlog
C:\hsmile5\sdk\demos\layered\Debug\link.2056.write.1.tlog
C:\hsmile5\sdk\demos\layered\Debug\link.2056-cvtres.read.1.tlog
C:\hsmile5\sdk\demos\layered\Debug\link.2056-cvtres.write.1.tlog
C:\hsmile5\sdk\demos\layered\Debug\link.2552.read.1.tlog
C:\hsmile5\sdk\demos\layered\Debug\link.2552.write.1.tlog
C:\hsmile5\sdk\demos\layered\Debug\link.2552-cvtres.read.1.tlog
C:\hsmile5\sdk\demos\layered\Debug\link.2552-cvtres.write.1.tlog
C:\hsmile5\sdk\demos\layered\Debug\link.2932.read.1.tlog
C:\hsmile5\sdk\demos\layered\Debug\link.2932.write.1.tlog
C:\hsmile5\sdk\demos\layered\Debug\link.2932-cvtres.read.1.tlog
C:\hsmile5\sdk\demos\layered\Debug\link.2932-cvtres.write.1.tlog
C:\hsmile5\sdk\demos\layered\Debug\link.3080.read.1.tlog
C:\hsmile5\sdk\demos\layered\Debug\link.3080.write.1.tlog
C:\hsmile5\sdk\demos\layered\Debug\link.3080-cvtres.read.1.tlog
C:\hsmile5\sdk\demos\layered\Debug\link.3080-cvtres.write.1.tlog
C:\hsmile5\sdk\demos\layered\Debug\link.368.read.1.tlog
C:\hsmile5\sdk\demos\layered\Debug\link.368.write.1.tlog
C:\hsmile5\sdk\demos\layered\Debug\link.368-cvtres.read.1.tlog
C:\hsmile5\sdk\demos\layered\Debug\link.368-cvtres.write.1.tlog
C:\hsmile5\sdk\demos\layered\Debug\link.5028.read.1.tlog
C:\hsmile5\sdk\demos\layered\Debug\link.5028.write.1.tlog
C:\hsmile5\sdk\demos\layered\Debug\link.5028-cvtres.read.1.tlog
C:\hsmile5\sdk\demos\layered\Debug\link.5028-cvtres.write.1.tlog
C:\hsmile5\sdk\demos\layered\Debug\link.6700.read.1.tlog
C:\hsmile5\sdk\demos\layered\Debug\link.6700.write.1.tlog
C:\hsmile5\sdk\demos\layered\Debug\link.6700-cvtres.read.1.tlog
C:\hsmile5\sdk\demos\layered\Debug\link.6700-cvtres.write.1.tlog
C:\hsmile5\sdk\demos\layered\Debug\link.6924.read.1.tlog
C:\hsmile5\sdk\demos\layered\Debug\link.6924.write.1.tlog
C:\hsmile5\sdk\demos\layered\Debug\link.6924-cvtres.read.1.tlog
C:\hsmile5\sdk\demos\layered\Debug\link.6924-cvtres.write.1.tlog
C:\hsmile5\sdk\demos\layered\Debug\link.7840.read.1.tlog
C:\hsmile5\sdk\demos\layered\Debug\link.7840.write.1.tlog
C:\hsmile5\sdk\demos\layered\Debug\link.7840-cvtres.read.1.tlog
C:\hsmile5\sdk\demos\layered\Debug\link.7840-cvtres.write.1.tlog
C:\hsmile5\sdk\demos\layered\Debug\link.8168.read.1.tlog
C:\hsmile5\sdk\demos\layered\Debug\link.8168.write.1.tlog
C:\hsmile5\sdk\demos\layered\Debug\link.8168-cvtres.read.1.tlog
C:\hsmile5\sdk\demos\layered\Debug\link.8168-cvtres.write.1.tlog
C:\hsmile5\sdk\demos\layered\Debug\link.8416.read.1.tlog
C:\hsmile5\sdk\demos\layered\Debug\link.8416.write.1.tlog
C:\hsmile5\sdk\demos\layered\Debug\link.8416-cvtres.read.1.tlog
C:\hsmile5\sdk\demos\layered\Debug\link.8416-cvtres.write.1.tlog
C:\hsmile5\sdk\demos\layered\Debug\link.8588.read.1.tlog
C:\hsmile5\sdk\demos\layered\Debug\link.8588.write.1.tlog
C:\hsmile5\sdk\demos\layered\Debug\link.8588-cvtres.read.1.tlog
C:\hsmile5\sdk\demos\layered\Debug\link.8588-cvtres.write.1.tlog
C:\hsmile5\sdk\demos\layered\Debug\link.8736.read.1.tlog
C:\hsmile5\sdk\demos\layered\Debug\link.8736.write.1.tlog
C:\hsmile5\sdk\demos\layered\Debug\link.8736-cvtres.read.1.tlog
C:\hsmile5\sdk\demos\layered\Debug\link.8736-cvtres.write.1.tlog
C:\hsmile5\sdk\demos\layered\Debug\link.9172.read.1.tlog
C:\hsmile5\sdk\demos\layered\Debug\link.9172.write.1.tlog
C:\hsmile5\sdk\demos\layered\Debug\link.9172-cvtres.read.1.tlog
C:\hsmile5\sdk\demos\layered\Debug\link.9172-cvtres.write.1.tlog
C:\hsmile5\sdk\demos\layered\Debug\link.command.1.tlog
C:\hsmile5\sdk\demos\layered\Debug\link.read.1.tlog
C:\hsmile5\sdk\demos\layered\Debug\link.write.1.tlog
C:\hsmile5\sdk\demos\layered\Debug\link-cvtres.read.1.tlog
C:\hsmile5\sdk\demos\layered\Debug\link-cvtres.write.1.tlog
C:\hsmile5\sdk\demos\layered\Debug\mt.command.1.tlog
C:\hsmile5\sdk\demos\layered\Debug\mt.read.1.tlog
C:\hsmile5\sdk\demos\layered\Debug\mt.write.1.tlog
C:\hsmile5\sdk\demos\layered\Debug\rc.command.1.tlog
C:\hsmile5\sdk\demos\layered\Debug\rc.read.1.tlog
C:\hsmile5\sdk\demos\layered\Debug\rc.write.1.tlog
C:\HSMILE5\SDK\DEMOS\LAYERED\DEBUG\STDAFX.OBJ
C:\hsmile5\sdk\demos\layered\Debug\vc100.idb
C:\HSMILE5\SDK\DEMOS\LAYERED\DEBUG\VC100.PDB
