..\..\bin\sciter.ilk
..\..\bin\sciter.pdb
C:\HSMILE5\SDK\BIN\SCITER.EXE
C:\HSMILE5\SDK\BIN\SCITER.PDB
C:\hsmile5\sdk\demos\sciter\..\..\bin\sciter.exe
C:\hsmile5\sdk\demos\sciter\Release\cl.command.1.tlog
C:\hsmile5\sdk\demos\sciter\Release\CL.read.1.tlog
C:\hsmile5\sdk\demos\sciter\Release\CL.write.1.tlog
C:\hsmile5\sdk\demos\sciter\Release\link.command.1.tlog
C:\hsmile5\sdk\demos\sciter\Release\link.read.1.tlog
C:\hsmile5\sdk\demos\sciter\Release\link.write.1.tlog
C:\hsmile5\sdk\demos\sciter\Release\link-cvtres.read.1.tlog
C:\hsmile5\sdk\demos\sciter\Release\link-cvtres.write.1.tlog
C:\HSMILE5\SDK\DEMOS\SCITER\RELEASE\MAIN.OBJ
C:\hsmile5\sdk\demos\sciter\Release\mt.command.1.tlog
C:\hsmile5\sdk\demos\sciter\Release\mt.read.1.tlog
C:\hsmile5\sdk\demos\sciter\Release\mt.write.1.tlog
C:\hsmile5\sdk\demos\sciter\Release\rc.command.1.tlog
C:\hsmile5\sdk\demos\sciter\Release\rc.read.1.tlog
C:\hsmile5\sdk\demos\sciter\Release\rc.write.1.tlog
C:\HSMILE5\SDK\DEMOS\SCITER\RELEASE\SCITER.EXE.INTERMEDIATE.MANIFEST
C:\HSMILE5\SDK\DEMOS\SCITER\RELEASE\SCITER.OBJ
C:\HSMILE5\SDK\DEMOS\SCITER\RELEASE\SCITER.PCH
C:\HSMILE5\SDK\DEMOS\SCITER\RELEASE\SCITER.RES
C:\hsmile5\sdk\demos\sciter\Release\sciter.write.1.tlog
C:\HSMILE5\SDK\DEMOS\SCITER\RELEASE\STDAFX.OBJ
C:\HSMILE5\SDK\DEMOS\SCITER\RELEASE\VC100.PDB
