C:\HSMILE5\SDK\BIN\LAYERED.EXE
C:\hsmile5\sdk\bin\layered.ilk
C:\HSMILE5\SDK\BIN\LAYERED.PDB
C:\hsmile5\sdk\demos\layered\Release\cl.command.1.tlog
C:\hsmile5\sdk\demos\layered\Release\CL.read.1.tlog
C:\hsmile5\sdk\demos\layered\Release\CL.write.1.tlog
C:\HSMILE5\SDK\DEMOS\LAYERED\RELEASE\LAYERED.EXE.INTERMEDIATE.MANIFEST
C:\HSMILE5\SDK\DEMOS\LAYERED\RELEASE\LAYERED.OBJ
C:\HSMILE5\SDK\DEMOS\LAYERED\RELEASE\LAYERED.PCH
C:\HSMILE5\SDK\DEMOS\LAYERED\RELEASE\LAYERED.RES
C:\hsmile5\sdk\demos\layered\Release\layered.write.1.tlog
C:\hsmile5\sdk\demos\layered\Release\link.command.1.tlog
C:\hsmile5\sdk\demos\layered\Release\link.read.1.tlog
C:\hsmile5\sdk\demos\layered\Release\link.write.1.tlog
C:\hsmile5\sdk\demos\layered\Release\link-cvtres.read.1.tlog
C:\hsmile5\sdk\demos\layered\Release\link-cvtres.write.1.tlog
C:\hsmile5\sdk\demos\layered\Release\mt.command.1.tlog
C:\hsmile5\sdk\demos\layered\Release\mt.read.1.tlog
C:\hsmile5\sdk\demos\layered\Release\mt.write.1.tlog
C:\hsmile5\sdk\demos\layered\Release\rc.command.1.tlog
C:\hsmile5\sdk\demos\layered\Release\rc.read.1.tlog
C:\hsmile5\sdk\demos\layered\Release\rc.write.1.tlog
C:\HSMILE5\SDK\DEMOS\LAYERED\RELEASE\STDAFX.OBJ
C:\HSMILE5\SDK\DEMOS\LAYERED\RELEASE\VC100.PDB
