C:\HSMILE5\SDK\BIN\INSPECTOR32.DLL
C:\hsmile5\sdk\bin\inspector32.exp
C:\HSMILE5\SDK\BIN\INSPECTOR32.ILK
C:\hsmile5\sdk\bin\inspector32.lib
C:\HSMILE5\SDK\BIN\INSPECTOR32.PDB
C:\HSMILE5\SDK\DEMOS\INSPECTOR\DEBUG\BEHAVIOR_TABS.OBJ
C:\hsmile5\sdk\demos\inspector\Debug\cl.command.1.tlog
C:\hsmile5\sdk\demos\inspector\Debug\CL.read.1.tlog
C:\hsmile5\sdk\demos\inspector\Debug\CL.write.1.tlog
C:\HSMILE5\SDK\DEMOS\INSPECTOR\DEBUG\DLLMAIN.OBJ
C:\HSMILE5\SDK\DEMOS\INSPECTOR\DEBUG\INSPECTOR.OBJ
C:\HSMILE5\SDK\DEMOS\INSPECTOR\DEBUG\INSPECTOR.RES
C:\hsmile5\sdk\demos\inspector\Debug\inspector.write.1.tlog
C:\HSMILE5\SDK\DEMOS\INSPECTOR\DEBUG\INSPECTOR32.DLL.EMBED.MANIFEST
C:\HSMILE5\SDK\DEMOS\INSPECTOR\DEBUG\INSPECTOR32.DLL.EMBED.MANIFEST.RES
C:\HSMILE5\SDK\DEMOS\INSPECTOR\DEBUG\INSPECTOR32.DLL.INTERMEDIATE.MANIFEST
C:\HSMILE5\SDK\DEMOS\INSPECTOR\DEBUG\INSPECTOR32.PCH
C:\hsmile5\sdk\demos\inspector\Debug\inspector32_manifest.rc
C:\HSMILE5\SDK\DEMOS\INSPECTOR\DEBUG\INSPECTOR-HOST-BEHAVIOR.OBJ
C:\HSMILE5\SDK\DEMOS\INSPECTOR\DEBUG\INSPECTOR-LOG.OBJ
C:\HSMILE5\SDK\DEMOS\INSPECTOR\DEBUG\INSPECTOR-WINDOW.OBJ
C:\hsmile5\sdk\demos\inspector\Debug\link.1512.read.1.tlog
C:\hsmile5\sdk\demos\inspector\Debug\link.1512.write.1.tlog
C:\hsmile5\sdk\demos\inspector\Debug\link.1512-cvtres.read.1.tlog
C:\hsmile5\sdk\demos\inspector\Debug\link.1512-cvtres.write.1.tlog
C:\hsmile5\sdk\demos\inspector\Debug\link.3180.read.1.tlog
C:\hsmile5\sdk\demos\inspector\Debug\link.3180.write.1.tlog
C:\hsmile5\sdk\demos\inspector\Debug\link.3180-cvtres.read.1.tlog
C:\hsmile5\sdk\demos\inspector\Debug\link.3180-cvtres.write.1.tlog
C:\hsmile5\sdk\demos\inspector\Debug\link.3408.read.1.tlog
C:\hsmile5\sdk\demos\inspector\Debug\link.3408.write.1.tlog
C:\hsmile5\sdk\demos\inspector\Debug\link.3408-cvtres.read.1.tlog
C:\hsmile5\sdk\demos\inspector\Debug\link.3408-cvtres.write.1.tlog
C:\hsmile5\sdk\demos\inspector\Debug\link.3540.read.1.tlog
C:\hsmile5\sdk\demos\inspector\Debug\link.3540.write.1.tlog
C:\hsmile5\sdk\demos\inspector\Debug\link.3540-cvtres.read.1.tlog
C:\hsmile5\sdk\demos\inspector\Debug\link.3540-cvtres.write.1.tlog
C:\hsmile5\sdk\demos\inspector\Debug\link.3828.read.1.tlog
C:\hsmile5\sdk\demos\inspector\Debug\link.3828.write.1.tlog
C:\hsmile5\sdk\demos\inspector\Debug\link.3828-cvtres.read.1.tlog
C:\hsmile5\sdk\demos\inspector\Debug\link.3828-cvtres.write.1.tlog
C:\hsmile5\sdk\demos\inspector\Debug\link.3904.read.1.tlog
C:\hsmile5\sdk\demos\inspector\Debug\link.3904.write.1.tlog
C:\hsmile5\sdk\demos\inspector\Debug\link.3904-cvtres.read.1.tlog
C:\hsmile5\sdk\demos\inspector\Debug\link.3904-cvtres.write.1.tlog
C:\hsmile5\sdk\demos\inspector\Debug\link.4328.read.1.tlog
C:\hsmile5\sdk\demos\inspector\Debug\link.4328.write.1.tlog
C:\hsmile5\sdk\demos\inspector\Debug\link.4328-cvtres.read.1.tlog
C:\hsmile5\sdk\demos\inspector\Debug\link.4328-cvtres.write.1.tlog
C:\hsmile5\sdk\demos\inspector\Debug\link.4396.read.1.tlog
C:\hsmile5\sdk\demos\inspector\Debug\link.4396.write.1.tlog
C:\hsmile5\sdk\demos\inspector\Debug\link.4396-cvtres.read.1.tlog
C:\hsmile5\sdk\demos\inspector\Debug\link.4396-cvtres.write.1.tlog
C:\hsmile5\sdk\demos\inspector\Debug\link.4832.read.1.tlog
C:\hsmile5\sdk\demos\inspector\Debug\link.4832.write.1.tlog
C:\hsmile5\sdk\demos\inspector\Debug\link.4832-cvtres.read.1.tlog
C:\hsmile5\sdk\demos\inspector\Debug\link.4832-cvtres.write.1.tlog
C:\hsmile5\sdk\demos\inspector\Debug\link.5324.read.1.tlog
C:\hsmile5\sdk\demos\inspector\Debug\link.5324.write.1.tlog
C:\hsmile5\sdk\demos\inspector\Debug\link.5324-cvtres.read.1.tlog
C:\hsmile5\sdk\demos\inspector\Debug\link.5324-cvtres.write.1.tlog
C:\hsmile5\sdk\demos\inspector\Debug\link.5476.read.1.tlog
C:\hsmile5\sdk\demos\inspector\Debug\link.5476.write.1.tlog
C:\hsmile5\sdk\demos\inspector\Debug\link.5476-cvtres.read.1.tlog
C:\hsmile5\sdk\demos\inspector\Debug\link.5476-cvtres.write.1.tlog
C:\hsmile5\sdk\demos\inspector\Debug\link.6060.read.1.tlog
C:\hsmile5\sdk\demos\inspector\Debug\link.6060.write.1.tlog
C:\hsmile5\sdk\demos\inspector\Debug\link.6060-cvtres.read.1.tlog
C:\hsmile5\sdk\demos\inspector\Debug\link.6060-cvtres.write.1.tlog
C:\hsmile5\sdk\demos\inspector\Debug\link.6548.read.1.tlog
C:\hsmile5\sdk\demos\inspector\Debug\link.6548.write.1.tlog
C:\hsmile5\sdk\demos\inspector\Debug\link.6548-cvtres.read.1.tlog
C:\hsmile5\sdk\demos\inspector\Debug\link.6548-cvtres.write.1.tlog
C:\hsmile5\sdk\demos\inspector\Debug\link.6584.read.1.tlog
C:\hsmile5\sdk\demos\inspector\Debug\link.6584.write.1.tlog
C:\hsmile5\sdk\demos\inspector\Debug\link.6584-cvtres.read.1.tlog
C:\hsmile5\sdk\demos\inspector\Debug\link.6584-cvtres.write.1.tlog
C:\hsmile5\sdk\demos\inspector\Debug\link.684.read.1.tlog
C:\hsmile5\sdk\demos\inspector\Debug\link.684.write.1.tlog
C:\hsmile5\sdk\demos\inspector\Debug\link.684-cvtres.read.1.tlog
C:\hsmile5\sdk\demos\inspector\Debug\link.684-cvtres.write.1.tlog
C:\hsmile5\sdk\demos\inspector\Debug\link.7140.read.1.tlog
C:\hsmile5\sdk\demos\inspector\Debug\link.7140.write.1.tlog
C:\hsmile5\sdk\demos\inspector\Debug\link.7140-cvtres.read.1.tlog
C:\hsmile5\sdk\demos\inspector\Debug\link.7140-cvtres.write.1.tlog
C:\hsmile5\sdk\demos\inspector\Debug\link.7156.read.1.tlog
C:\hsmile5\sdk\demos\inspector\Debug\link.7156.write.1.tlog
C:\hsmile5\sdk\demos\inspector\Debug\link.7156-cvtres.read.1.tlog
C:\hsmile5\sdk\demos\inspector\Debug\link.7156-cvtres.write.1.tlog
C:\hsmile5\sdk\demos\inspector\Debug\link.7220.read.1.tlog
C:\hsmile5\sdk\demos\inspector\Debug\link.7220.write.1.tlog
C:\hsmile5\sdk\demos\inspector\Debug\link.7220-cvtres.read.1.tlog
C:\hsmile5\sdk\demos\inspector\Debug\link.7220-cvtres.write.1.tlog
C:\hsmile5\sdk\demos\inspector\Debug\link.7308.read.1.tlog
C:\hsmile5\sdk\demos\inspector\Debug\link.7308.write.1.tlog
C:\hsmile5\sdk\demos\inspector\Debug\link.7308-cvtres.read.1.tlog
C:\hsmile5\sdk\demos\inspector\Debug\link.7308-cvtres.write.1.tlog
C:\hsmile5\sdk\demos\inspector\Debug\link.7692.read.1.tlog
C:\hsmile5\sdk\demos\inspector\Debug\link.7692.write.1.tlog
C:\hsmile5\sdk\demos\inspector\Debug\link.7692-cvtres.read.1.tlog
C:\hsmile5\sdk\demos\inspector\Debug\link.7692-cvtres.write.1.tlog
C:\hsmile5\sdk\demos\inspector\Debug\link.7920.read.1.tlog
C:\hsmile5\sdk\demos\inspector\Debug\link.7920.write.1.tlog
C:\hsmile5\sdk\demos\inspector\Debug\link.7920-cvtres.read.1.tlog
C:\hsmile5\sdk\demos\inspector\Debug\link.7920-cvtres.write.1.tlog
C:\hsmile5\sdk\demos\inspector\Debug\link.8096.read.1.tlog
C:\hsmile5\sdk\demos\inspector\Debug\link.8096.write.1.tlog
C:\hsmile5\sdk\demos\inspector\Debug\link.8096-cvtres.read.1.tlog
C:\hsmile5\sdk\demos\inspector\Debug\link.8096-cvtres.write.1.tlog
C:\hsmile5\sdk\demos\inspector\Debug\link.8208.read.1.tlog
C:\hsmile5\sdk\demos\inspector\Debug\link.8208.write.1.tlog
C:\hsmile5\sdk\demos\inspector\Debug\link.8208-cvtres.read.1.tlog
C:\hsmile5\sdk\demos\inspector\Debug\link.8208-cvtres.write.1.tlog
C:\hsmile5\sdk\demos\inspector\Debug\link.8340.read.1.tlog
C:\hsmile5\sdk\demos\inspector\Debug\link.8340.write.1.tlog
C:\hsmile5\sdk\demos\inspector\Debug\link.8340-cvtres.read.1.tlog
C:\hsmile5\sdk\demos\inspector\Debug\link.8340-cvtres.write.1.tlog
C:\hsmile5\sdk\demos\inspector\Debug\link.8492.read.1.tlog
C:\hsmile5\sdk\demos\inspector\Debug\link.8492.write.1.tlog
C:\hsmile5\sdk\demos\inspector\Debug\link.8492-cvtres.read.1.tlog
C:\hsmile5\sdk\demos\inspector\Debug\link.8492-cvtres.write.1.tlog
C:\hsmile5\sdk\demos\inspector\Debug\link.8628.read.1.tlog
C:\hsmile5\sdk\demos\inspector\Debug\link.8628.write.1.tlog
C:\hsmile5\sdk\demos\inspector\Debug\link.8628-cvtres.read.1.tlog
C:\hsmile5\sdk\demos\inspector\Debug\link.8628-cvtres.write.1.tlog
C:\hsmile5\sdk\demos\inspector\Debug\link.8824.read.1.tlog
C:\hsmile5\sdk\demos\inspector\Debug\link.8824.write.1.tlog
C:\hsmile5\sdk\demos\inspector\Debug\link.8824-cvtres.read.1.tlog
C:\hsmile5\sdk\demos\inspector\Debug\link.8824-cvtres.write.1.tlog
C:\hsmile5\sdk\demos\inspector\Debug\link.8856.read.1.tlog
C:\hsmile5\sdk\demos\inspector\Debug\link.8856.write.1.tlog
C:\hsmile5\sdk\demos\inspector\Debug\link.8856-cvtres.read.1.tlog
C:\hsmile5\sdk\demos\inspector\Debug\link.8856-cvtres.write.1.tlog
C:\hsmile5\sdk\demos\inspector\Debug\link.8900.read.1.tlog
C:\hsmile5\sdk\demos\inspector\Debug\link.8900.write.1.tlog
C:\hsmile5\sdk\demos\inspector\Debug\link.8900-cvtres.read.1.tlog
C:\hsmile5\sdk\demos\inspector\Debug\link.8900-cvtres.write.1.tlog
C:\hsmile5\sdk\demos\inspector\Debug\link.9176.read.1.tlog
C:\hsmile5\sdk\demos\inspector\Debug\link.9176.write.1.tlog
C:\hsmile5\sdk\demos\inspector\Debug\link.9176-cvtres.read.1.tlog
C:\hsmile5\sdk\demos\inspector\Debug\link.9176-cvtres.write.1.tlog
C:\hsmile5\sdk\demos\inspector\Debug\link.command.1.tlog
C:\hsmile5\sdk\demos\inspector\Debug\link.read.1.tlog
C:\hsmile5\sdk\demos\inspector\Debug\link.write.1.tlog
C:\hsmile5\sdk\demos\inspector\Debug\link-cvtres.read.1.tlog
C:\hsmile5\sdk\demos\inspector\Debug\link-cvtres.write.1.tlog
C:\hsmile5\sdk\demos\inspector\Debug\mt.command.1.tlog
C:\hsmile5\sdk\demos\inspector\Debug\mt.read.1.tlog
C:\hsmile5\sdk\demos\inspector\Debug\mt.write.1.tlog
C:\hsmile5\sdk\demos\inspector\Debug\rc.command.1.tlog
C:\hsmile5\sdk\demos\inspector\Debug\rc.read.1.tlog
C:\hsmile5\sdk\demos\inspector\Debug\rc.write.1.tlog
C:\HSMILE5\SDK\DEMOS\INSPECTOR\DEBUG\STDAFX.OBJ
C:\hsmile5\sdk\demos\inspector\Debug\vc100.idb
C:\HSMILE5\SDK\DEMOS\INSPECTOR\DEBUG\VC100.PDB
