C:\HSMILE5\SDK\BIN\PLAIN-WIN.EXE
C:\HSMILE5\SDK\BIN\PLAIN-WIN.ILK
C:\HSMILE5\SDK\BIN\PLAIN-WIN.PDB
C:\hsmile5\sdk\demos\plain-win\Debug\cl.command.1.tlog
C:\hsmile5\sdk\demos\plain-win\Debug\CL.read.1.tlog
C:\hsmile5\sdk\demos\plain-win\Debug\CL.write.1.tlog
C:\hsmile5\sdk\demos\plain-win\Debug\link.1476.read.1.tlog
C:\hsmile5\sdk\demos\plain-win\Debug\link.1476.write.1.tlog
C:\hsmile5\sdk\demos\plain-win\Debug\link.1476-cvtres.read.1.tlog
C:\hsmile5\sdk\demos\plain-win\Debug\link.1476-cvtres.write.1.tlog
C:\hsmile5\sdk\demos\plain-win\Debug\link.3808.read.1.tlog
C:\hsmile5\sdk\demos\plain-win\Debug\link.3808.write.1.tlog
C:\hsmile5\sdk\demos\plain-win\Debug\link.3808-cvtres.read.1.tlog
C:\hsmile5\sdk\demos\plain-win\Debug\link.3808-cvtres.write.1.tlog
C:\hsmile5\sdk\demos\plain-win\Debug\link.4920.read.1.tlog
C:\hsmile5\sdk\demos\plain-win\Debug\link.4920.write.1.tlog
C:\hsmile5\sdk\demos\plain-win\Debug\link.4920-cvtres.read.1.tlog
C:\hsmile5\sdk\demos\plain-win\Debug\link.4920-cvtres.write.1.tlog
C:\hsmile5\sdk\demos\plain-win\Debug\link.6836.read.1.tlog
C:\hsmile5\sdk\demos\plain-win\Debug\link.6836.write.1.tlog
C:\hsmile5\sdk\demos\plain-win\Debug\link.6836-cvtres.read.1.tlog
C:\hsmile5\sdk\demos\plain-win\Debug\link.6836-cvtres.write.1.tlog
C:\hsmile5\sdk\demos\plain-win\Debug\link.7132.read.1.tlog
C:\hsmile5\sdk\demos\plain-win\Debug\link.7132.write.1.tlog
C:\hsmile5\sdk\demos\plain-win\Debug\link.7132-cvtres.read.1.tlog
C:\hsmile5\sdk\demos\plain-win\Debug\link.7132-cvtres.write.1.tlog
C:\hsmile5\sdk\demos\plain-win\Debug\link.7964.read.1.tlog
C:\hsmile5\sdk\demos\plain-win\Debug\link.7964.write.1.tlog
C:\hsmile5\sdk\demos\plain-win\Debug\link.7964-cvtres.read.1.tlog
C:\hsmile5\sdk\demos\plain-win\Debug\link.7964-cvtres.write.1.tlog
C:\hsmile5\sdk\demos\plain-win\Debug\link.8184.read.1.tlog
C:\hsmile5\sdk\demos\plain-win\Debug\link.8184.write.1.tlog
C:\hsmile5\sdk\demos\plain-win\Debug\link.8184-cvtres.read.1.tlog
C:\hsmile5\sdk\demos\plain-win\Debug\link.8184-cvtres.write.1.tlog
C:\hsmile5\sdk\demos\plain-win\Debug\link.8248.read.1.tlog
C:\hsmile5\sdk\demos\plain-win\Debug\link.8248.write.1.tlog
C:\hsmile5\sdk\demos\plain-win\Debug\link.8248-cvtres.read.1.tlog
C:\hsmile5\sdk\demos\plain-win\Debug\link.8248-cvtres.write.1.tlog
C:\hsmile5\sdk\demos\plain-win\Debug\link.8512.read.1.tlog
C:\hsmile5\sdk\demos\plain-win\Debug\link.8512.write.1.tlog
C:\hsmile5\sdk\demos\plain-win\Debug\link.8512-cvtres.read.1.tlog
C:\hsmile5\sdk\demos\plain-win\Debug\link.8512-cvtres.write.1.tlog
C:\hsmile5\sdk\demos\plain-win\Debug\link.8748.read.1.tlog
C:\hsmile5\sdk\demos\plain-win\Debug\link.8748.write.1.tlog
C:\hsmile5\sdk\demos\plain-win\Debug\link.8748-cvtres.read.1.tlog
C:\hsmile5\sdk\demos\plain-win\Debug\link.8748-cvtres.write.1.tlog
C:\hsmile5\sdk\demos\plain-win\Debug\link.8956.read.1.tlog
C:\hsmile5\sdk\demos\plain-win\Debug\link.8956.write.1.tlog
C:\hsmile5\sdk\demos\plain-win\Debug\link.8956-cvtres.read.1.tlog
C:\hsmile5\sdk\demos\plain-win\Debug\link.8956-cvtres.write.1.tlog
C:\hsmile5\sdk\demos\plain-win\Debug\link.9064.read.1.tlog
C:\hsmile5\sdk\demos\plain-win\Debug\link.9064.write.1.tlog
C:\hsmile5\sdk\demos\plain-win\Debug\link.9064-cvtres.read.1.tlog
C:\hsmile5\sdk\demos\plain-win\Debug\link.9064-cvtres.write.1.tlog
C:\hsmile5\sdk\demos\plain-win\Debug\link.9072.read.1.tlog
C:\hsmile5\sdk\demos\plain-win\Debug\link.9072.write.1.tlog
C:\hsmile5\sdk\demos\plain-win\Debug\link.9072-cvtres.read.1.tlog
C:\hsmile5\sdk\demos\plain-win\Debug\link.9072-cvtres.write.1.tlog
C:\hsmile5\sdk\demos\plain-win\Debug\link.9204.read.1.tlog
C:\hsmile5\sdk\demos\plain-win\Debug\link.9204.write.1.tlog
C:\hsmile5\sdk\demos\plain-win\Debug\link.9204-cvtres.read.1.tlog
C:\hsmile5\sdk\demos\plain-win\Debug\link.9204-cvtres.write.1.tlog
C:\hsmile5\sdk\demos\plain-win\Debug\link.command.1.tlog
C:\hsmile5\sdk\demos\plain-win\Debug\link.read.1.tlog
C:\hsmile5\sdk\demos\plain-win\Debug\link.write.1.tlog
C:\hsmile5\sdk\demos\plain-win\Debug\link-cvtres.read.1.tlog
C:\hsmile5\sdk\demos\plain-win\Debug\link-cvtres.write.1.tlog
C:\hsmile5\sdk\demos\plain-win\Debug\mt.command.1.tlog
C:\hsmile5\sdk\demos\plain-win\Debug\mt.read.1.tlog
C:\hsmile5\sdk\demos\plain-win\Debug\mt.write.1.tlog
C:\HSMILE5\SDK\DEMOS\PLAIN-WIN\DEBUG\PLAIN-WIN.EXE.EMBED.MANIFEST
C:\HSMILE5\SDK\DEMOS\PLAIN-WIN\DEBUG\PLAIN-WIN.EXE.EMBED.MANIFEST.RES
C:\HSMILE5\SDK\DEMOS\PLAIN-WIN\DEBUG\PLAIN-WIN.EXE.INTERMEDIATE.MANIFEST
C:\HSMILE5\SDK\DEMOS\PLAIN-WIN\DEBUG\PLAIN-WIN.OBJ
C:\HSMILE5\SDK\DEMOS\PLAIN-WIN\DEBUG\PLAIN-WIN.PCH
C:\HSMILE5\SDK\DEMOS\PLAIN-WIN\DEBUG\PLAIN-WIN.RES
C:\hsmile5\sdk\demos\plain-win\Debug\plain-win.write.1.tlog
C:\hsmile5\sdk\demos\plain-win\Debug\plain-win_manifest.rc
C:\hsmile5\sdk\demos\plain-win\Debug\rc.command.1.tlog
C:\hsmile5\sdk\demos\plain-win\Debug\rc.read.1.tlog
C:\hsmile5\sdk\demos\plain-win\Debug\rc.write.1.tlog
C:\HSMILE5\SDK\DEMOS\PLAIN-WIN\DEBUG\STDAFX.OBJ
C:\hsmile5\sdk\demos\plain-win\Debug\vc100.idb
C:\HSMILE5\SDK\DEMOS\PLAIN-WIN\DEBUG\VC100.PDB
