..\..\bin\plain-win.ilk
..\..\bin\plain-win.pdb
C:\HSMILE5\SDK\BIN\PLAIN-WIN.EXE
C:\HSMILE5\SDK\BIN\PLAIN-WIN.PDB
C:\hsmile5\sdk\demos\plain-win\..\..\bin\plain-win.exe
C:\hsmile5\sdk\demos\plain-win\Release\cl.command.1.tlog
C:\hsmile5\sdk\demos\plain-win\Release\CL.read.1.tlog
C:\hsmile5\sdk\demos\plain-win\Release\CL.write.1.tlog
C:\hsmile5\sdk\demos\plain-win\Release\link.command.1.tlog
C:\hsmile5\sdk\demos\plain-win\Release\link.read.1.tlog
C:\hsmile5\sdk\demos\plain-win\Release\link.write.1.tlog
C:\hsmile5\sdk\demos\plain-win\Release\link-cvtres.read.1.tlog
C:\hsmile5\sdk\demos\plain-win\Release\link-cvtres.write.1.tlog
C:\hsmile5\sdk\demos\plain-win\Release\mt.command.1.tlog
C:\hsmile5\sdk\demos\plain-win\Release\mt.read.1.tlog
C:\hsmile5\sdk\demos\plain-win\Release\mt.write.1.tlog
C:\HSMILE5\SDK\DEMOS\PLAIN-WIN\RELEASE\PLAIN-WIN.EXE.INTERMEDIATE.MANIFEST
C:\HSMILE5\SDK\DEMOS\PLAIN-WIN\RELEASE\PLAIN-WIN.OBJ
C:\HSMILE5\SDK\DEMOS\PLAIN-WIN\RELEASE\PLAIN-WIN.PCH
C:\HSMILE5\SDK\DEMOS\PLAIN-WIN\RELEASE\PLAIN-WIN.RES
C:\hsmile5\sdk\demos\plain-win\Release\plain-win.write.1.tlog
C:\hsmile5\sdk\demos\plain-win\Release\rc.command.1.tlog
C:\hsmile5\sdk\demos\plain-win\Release\rc.read.1.tlog
C:\hsmile5\sdk\demos\plain-win\Release\rc.write.1.tlog
C:\HSMILE5\SDK\DEMOS\PLAIN-WIN\RELEASE\STDAFX.OBJ
C:\HSMILE5\SDK\DEMOS\PLAIN-WIN\RELEASE\VC100.PDB
