C:\HSMILE5\SDK\BIN\INSPECTOR32.DLL
C:\hsmile5\sdk\bin\inspector32.exp
C:\hsmile5\sdk\bin\inspector32.ilk
C:\hsmile5\sdk\bin\inspector32.lib
C:\HSMILE5\SDK\BIN\INSPECTOR32.PDB
C:\hsmile5\sdk\demos\inspector\Release\cl.command.1.tlog
C:\hsmile5\sdk\demos\inspector\Release\CL.read.1.tlog
C:\hsmile5\sdk\demos\inspector\Release\CL.write.1.tlog
C:\HSMILE5\SDK\DEMOS\INSPECTOR\RELEASE\DLLMAIN.OBJ
C:\HSMILE5\SDK\DEMOS\INSPECTOR\RELEASE\INSPECTOR.OBJ
C:\HSMILE5\SDK\DEMOS\INSPECTOR\RELEASE\INSPECTOR.RES
C:\hsmile5\sdk\demos\inspector\Release\inspector.write.1.tlog
C:\HSMILE5\SDK\DEMOS\INSPECTOR\RELEASE\INSPECTOR32.DLL.INTERMEDIATE.MANIFEST
C:\HSMILE5\SDK\DEMOS\INSPECTOR\RELEASE\INSPECTOR32.PCH
C:\HSMILE5\SDK\DEMOS\INSPECTOR\RELEASE\INSPECTOR-HOST-BEHAVIOR.OBJ
C:\HSMILE5\SDK\DEMOS\INSPECTOR\RELEASE\INSPECTOR-LOG.OBJ
C:\HSMILE5\SDK\DEMOS\INSPECTOR\RELEASE\INSPECTOR-WINDOW.OBJ
C:\hsmile5\sdk\demos\inspector\Release\link.command.1.tlog
C:\hsmile5\sdk\demos\inspector\Release\link.read.1.tlog
C:\hsmile5\sdk\demos\inspector\Release\link.write.1.tlog
C:\hsmile5\sdk\demos\inspector\Release\link-cvtres.read.1.tlog
C:\hsmile5\sdk\demos\inspector\Release\link-cvtres.write.1.tlog
C:\hsmile5\sdk\demos\inspector\Release\mt.command.1.tlog
C:\hsmile5\sdk\demos\inspector\Release\mt.read.1.tlog
C:\hsmile5\sdk\demos\inspector\Release\mt.write.1.tlog
C:\hsmile5\sdk\demos\inspector\Release\rc.command.1.tlog
C:\hsmile5\sdk\demos\inspector\Release\rc.read.1.tlog
C:\hsmile5\sdk\demos\inspector\Release\rc.write.1.tlog
C:\HSMILE5\SDK\DEMOS\INSPECTOR\RELEASE\STDAFX.OBJ
C:\HSMILE5\SDK\DEMOS\INSPECTOR\RELEASE\VC100.PDB
